<?xml version="1.0" encoding="UTF-8"?>
<!-- Generated by org.testng.reporters.JUnitXMLReporter -->
<testsuite ignored="0" hostname="ip-172-31-21-20" failures="1" tests="1" name="EProduct" time="8.666" errors="0" timestamp="2023-06-01T08:11:10 UTC">
  <testcase classname="io.cucumber.testng.AbstractTestNGCucumberTests" name="runScenario" time="7.83">
    <failure type="org.openqa.selenium.ElementClickInterceptedException" message="element click intercepted: Element &amp;lt;div data-synth=&amp;quot;tab--collection&amp;quot; data-item-id=&amp;quot;tab--collection&amp;quot; class=&amp;quot;flex-center flex-auto min-w-0 self-end p-10 bold rounded-t no-outline whitespace-no-wrap text-glitch-fix typography-4 align-tab-text bg-grey-lighter text-grey-darker grayscale&amp;quot; role=&amp;quot;button&amp;quot; tabindex=&amp;quot;0&amp;quot;&amp;gt;...&amp;lt;/div&amp;gt; is not clickable at point (803, 312). Other element would receive the click: &amp;lt;button data-synth=&amp;quot;offer-collection-close&amp;quot; class=&amp;quot;button button--secondary text-center text-16 mt-20 sm:mt-40&amp;quot; type=&amp;quot;button&amp;quot;&amp;gt;...&amp;lt;/button&amp;gt;
  (Session info: chrome=102.0.5005.61)
Build info: version: &amp;apos;3.141.59&amp;apos;, revision: &amp;apos;e82be7d358&amp;apos;, time: &amp;apos;2018-11-14T08:17:03&amp;apos;
System info: host: &amp;apos;ip-172-31-21-20&amp;apos;, ip: &amp;apos;172.31.21.20&amp;apos;, os.name: &amp;apos;Linux&amp;apos;, os.arch: &amp;apos;amd64&amp;apos;, os.version: &amp;apos;5.15.0-1036-aws&amp;apos;, java.version: &amp;apos;17.0.1&amp;apos;
Driver info: org.openqa.selenium.chrome.ChromeDriver
Capabilities {acceptInsecureCerts: false, browserName: chrome, browserVersion: 102.0.5005.61, chrome: {chromedriverVersion: 102.0.5005.61 (0e59bcc00cc4..., userDataDir: /tmp/.com.google.Chrome.59WypE}, goog:chromeOptions: {debuggerAddress: localhost:33569}, javascriptEnabled: true, networkConnectionEnabled: false, pageLoadStrategy: normal, platform: LINUX, platformName: LINUX, proxy: Proxy(), setWindowRect: true, strictFileInteractability: false, timeouts: {implicit: 0, pageLoad: 300000, script: 30000}, unhandledPromptBehavior: dismiss and notify, webauthn:extension:credBlob: true, webauthn:extension:largeBlob: true, webauthn:virtualAuthenticators: true}
Session ID: 55cd034fed4a6a1b38ebf1325e567137">
      <![CDATA[org.openqa.selenium.ElementClickInterceptedException: element click intercepted: Element <div data-synth="tab--collection" data-item-id="tab--collection" class="flex-center flex-auto min-w-0 self-end p-10 bold rounded-t no-outline whitespace-no-wrap text-glitch-fix typography-4 align-tab-text bg-grey-lighter text-grey-darker grayscale" role="button" tabindex="0">...</div> is not clickable at point (803, 312). Other element would receive the click: <button data-synth="offer-collection-close" class="button button--secondary text-center text-16 mt-20 sm:mt-40" type="button">...</button>
  (Session info: chrome=102.0.5005.61)
Build info: version: '3.141.59', revision: 'e82be7d358', time: '2018-11-14T08:17:03'
System info: host: 'ip-172-31-21-20', ip: '172.31.21.20', os.name: 'Linux', os.arch: 'amd64', os.version: '5.15.0-1036-aws', java.version: '17.0.1'
Driver info: org.openqa.selenium.chrome.ChromeDriver
Capabilities {acceptInsecureCerts: false, browserName: chrome, browserVersion: 102.0.5005.61, chrome: {chromedriverVersion: 102.0.5005.61 (0e59bcc00cc4..., userDataDir: /tmp/.com.google.Chrome.59WypE}, goog:chromeOptions: {debuggerAddress: localhost:33569}, javascriptEnabled: true, networkConnectionEnabled: false, pageLoadStrategy: normal, platform: LINUX, platformName: LINUX, proxy: Proxy(), setWindowRect: true, strictFileInteractability: false, timeouts: {implicit: 0, pageLoad: 300000, script: 30000}, unhandledPromptBehavior: dismiss and notify, webauthn:extension:credBlob: true, webauthn:extension:largeBlob: true, webauthn:virtualAuthenticators: true}
Session ID: 55cd034fed4a6a1b38ebf1325e567137
at org.openqa.selenium.remote.http.W3CHttpResponseCodec.createException(W3CHttpResponseCodec.java:187)
at org.openqa.selenium.remote.http.W3CHttpResponseCodec.decode(W3CHttpResponseCodec.java:122)
at org.openqa.selenium.remote.http.W3CHttpResponseCodec.decode(W3CHttpResponseCodec.java:49)
at org.openqa.selenium.remote.HttpCommandExecutor.execute(HttpCommandExecutor.java:158)
at org.openqa.selenium.remote.service.DriverCommandExecutor.execute(DriverCommandExecutor.java:83)
at org.openqa.selenium.remote.RemoteWebDriver.execute(RemoteWebDriver.java:552)
at org.openqa.selenium.remote.RemoteWebElement.execute(RemoteWebElement.java:285)
at org.openqa.selenium.remote.RemoteWebElement.click(RemoteWebElement.java:84)
at com.simplilearn.OnlineFoodService.StepDefinitions.searchLocations(StepDefinitions.java:48)
at âœ½.user search the locations for deliver(file:///home/vspreethi823gma/Documents/mainproject/OnlineFoodService/src/test/resources/AddProduct.feature:6)
... Removed 5 stack frames]]>
    </failure>
  </testcase> <!-- runScenario -->
</testsuite> <!-- EProduct -->
